2024-12-13 04:36:31,557 - INFO - CNNMnist(
  (conv1): Conv2d(1, 10, kernel_size=(5, 5), stride=(1, 1))
  (conv2): Conv2d(10, 20, kernel_size=(5, 5), stride=(1, 1))
  (conv2_drop): Dropout2d(p=0.5, inplace=False)
  (fc1): Linear(in_features=320, out_features=50, bias=True)
  (fc2): Linear(in_features=50, out_features=10, bias=True)
)
2024-12-13 04:36:49,340 - INFO - Round   0, Average loss 2.271
2024-12-13 04:37:00,025 - INFO - [Train] loss: 2.258921 | acc: 19.423334.
2024-12-13 04:37:00,025 - INFO - [Test ] loss: 2.257777 | acc: 19.840000.
2024-12-13 04:37:19,059 - INFO - Round   1, Average loss 2.203
2024-12-13 04:37:29,609 - INFO - [Train] loss: 2.067130 | acc: 47.595001.
2024-12-13 04:37:29,610 - INFO - [Test ] loss: 2.063008 | acc: 47.889999.
2024-12-13 04:37:51,017 - INFO - Round   2, Average loss 1.861
2024-12-13 04:38:02,181 - INFO - [Train] loss: 1.292944 | acc: 78.916664.
2024-12-13 04:38:02,182 - INFO - [Test ] loss: 1.278257 | acc: 79.500000.
2024-12-13 04:38:21,606 - INFO - Round   3, Average loss 1.338
2024-12-13 04:38:32,570 - INFO - [Train] loss: 0.715948 | acc: 86.916664.
2024-12-13 04:38:32,571 - INFO - [Test ] loss: 0.691953 | acc: 87.839996.
2024-12-13 04:38:49,476 - INFO - Round   4, Average loss 0.962
2024-12-13 04:39:00,746 - INFO - [Train] loss: 0.483258 | acc: 88.459999.
2024-12-13 04:39:00,746 - INFO - [Test ] loss: 0.460261 | acc: 89.330002.
2024-12-13 04:39:20,361 - INFO - Round   5, Average loss 0.812
2024-12-13 04:39:31,126 - INFO - [Train] loss: 0.392962 | acc: 89.900002.
2024-12-13 04:39:31,127 - INFO - [Test ] loss: 0.369841 | acc: 90.379997.
2024-12-13 04:39:45,986 - INFO - Round   6, Average loss 0.687
2024-12-13 04:39:56,178 - INFO - [Train] loss: 0.324957 | acc: 91.503334.
2024-12-13 04:39:56,178 - INFO - [Test ] loss: 0.303990 | acc: 92.059998.
2024-12-13 04:40:16,855 - INFO - Round   7, Average loss 0.640
2024-12-13 04:40:28,186 - INFO - [Train] loss: 0.293828 | acc: 91.981667.
2024-12-13 04:40:28,186 - INFO - [Test ] loss: 0.271042 | acc: 92.580002.
2024-12-13 04:40:46,669 - INFO - Round   8, Average loss 0.560
2024-12-13 04:40:56,940 - INFO - [Train] loss: 0.276886 | acc: 91.828331.
2024-12-13 04:40:56,940 - INFO - [Test ] loss: 0.257419 | acc: 92.290001.
2024-12-13 04:41:13,673 - INFO - Round   9, Average loss 0.551
2024-12-13 04:41:23,584 - INFO - [Train] loss: 0.251399 | acc: 92.768333.
2024-12-13 04:41:23,584 - INFO - [Test ] loss: 0.232041 | acc: 93.360001.
2024-12-13 04:41:44,775 - INFO - Round  10, Average loss 0.492
2024-12-13 04:41:56,060 - INFO - [Train] loss: 0.233359 | acc: 93.228333.
2024-12-13 04:41:56,060 - INFO - [Test ] loss: 0.212401 | acc: 93.589996.
2024-12-13 04:42:12,486 - INFO - Round  11, Average loss 0.494
2024-12-13 04:42:23,541 - INFO - [Train] loss: 0.220295 | acc: 93.459999.
2024-12-13 04:42:23,541 - INFO - [Test ] loss: 0.199841 | acc: 93.879997.
2024-12-13 04:42:42,110 - INFO - Round  12, Average loss 0.433
2024-12-13 04:42:52,918 - INFO - [Train] loss: 0.210221 | acc: 93.621666.
2024-12-13 04:42:52,918 - INFO - [Test ] loss: 0.191743 | acc: 93.900002.
2024-12-13 04:43:10,859 - INFO - Round  13, Average loss 0.437
2024-12-13 04:43:21,751 - INFO - [Train] loss: 0.204570 | acc: 94.016670.
2024-12-13 04:43:21,752 - INFO - [Test ] loss: 0.183811 | acc: 94.389999.
2024-12-13 04:43:37,036 - INFO - Round  14, Average loss 0.432
2024-12-13 04:43:47,618 - INFO - [Train] loss: 0.201284 | acc: 94.004997.
2024-12-13 04:43:47,618 - INFO - [Test ] loss: 0.182374 | acc: 94.309998.
2024-12-13 04:44:06,713 - INFO - Round  15, Average loss 0.406
2024-12-13 04:44:17,681 - INFO - [Train] loss: 0.192884 | acc: 94.323334.
2024-12-13 04:44:17,681 - INFO - [Test ] loss: 0.174933 | acc: 94.529999.
2024-12-13 04:44:36,693 - INFO - Round  16, Average loss 0.390
2024-12-13 04:44:47,699 - INFO - [Train] loss: 0.180911 | acc: 94.483330.
2024-12-13 04:44:47,699 - INFO - [Test ] loss: 0.165901 | acc: 94.750000.
2024-12-13 04:45:05,790 - INFO - Round  17, Average loss 0.369
2024-12-13 04:45:16,250 - INFO - [Train] loss: 0.178025 | acc: 94.699997.
2024-12-13 04:45:16,251 - INFO - [Test ] loss: 0.161004 | acc: 94.910004.
2024-12-13 04:45:36,262 - INFO - Round  18, Average loss 0.360
2024-12-13 04:45:47,182 - INFO - [Train] loss: 0.170962 | acc: 94.848335.
2024-12-13 04:45:47,182 - INFO - [Test ] loss: 0.156618 | acc: 95.099998.
2024-12-13 04:46:06,971 - INFO - Round  19, Average loss 0.357
2024-12-13 04:46:17,885 - INFO - [Train] loss: 0.169026 | acc: 94.856667.
2024-12-13 04:46:17,885 - INFO - [Test ] loss: 0.154748 | acc: 95.199997.
2024-12-13 04:46:35,967 - INFO - Round  20, Average loss 0.327
2024-12-13 04:46:46,745 - INFO - [Train] loss: 0.162711 | acc: 95.091667.
2024-12-13 04:46:46,745 - INFO - [Test ] loss: 0.149549 | acc: 95.279999.
2024-12-13 04:47:05,450 - INFO - Round  21, Average loss 0.339
2024-12-13 04:47:16,014 - INFO - [Train] loss: 0.163728 | acc: 95.108330.
2024-12-13 04:47:16,014 - INFO - [Test ] loss: 0.149516 | acc: 95.349998.
2024-12-13 04:47:31,071 - INFO - Round  22, Average loss 0.332
2024-12-13 04:47:42,019 - INFO - [Train] loss: 0.161485 | acc: 95.178337.
2024-12-13 04:47:42,019 - INFO - [Test ] loss: 0.144815 | acc: 95.389999.
2024-12-13 04:48:03,456 - INFO - Round  23, Average loss 0.339
2024-12-13 04:48:14,429 - INFO - [Train] loss: 0.155384 | acc: 95.363335.
2024-12-13 04:48:14,429 - INFO - [Test ] loss: 0.140817 | acc: 95.790001.
2024-12-13 04:48:32,036 - INFO - Round  24, Average loss 0.296
2024-12-13 04:48:43,063 - INFO - [Train] loss: 0.155547 | acc: 95.300003.
2024-12-13 04:48:43,064 - INFO - [Test ] loss: 0.139210 | acc: 95.629997.
2024-12-13 04:49:01,980 - INFO - Round  25, Average loss 0.306
2024-12-13 04:49:12,703 - INFO - [Train] loss: 0.149528 | acc: 95.476669.
2024-12-13 04:49:12,703 - INFO - [Test ] loss: 0.135051 | acc: 95.870003.
2024-12-13 04:49:31,978 - INFO - Round  26, Average loss 0.281
2024-12-13 04:49:43,573 - INFO - [Train] loss: 0.150706 | acc: 95.481667.
2024-12-13 04:49:43,573 - INFO - [Test ] loss: 0.135692 | acc: 95.820000.
2024-12-13 04:50:03,381 - INFO - Round  27, Average loss 0.295
2024-12-13 04:50:13,271 - INFO - [Train] loss: 0.142952 | acc: 95.690002.
2024-12-13 04:50:13,271 - INFO - [Test ] loss: 0.128347 | acc: 96.059998.
2024-12-13 04:50:31,519 - INFO - Round  28, Average loss 0.281
2024-12-13 04:50:42,307 - INFO - [Train] loss: 0.144227 | acc: 95.766670.
2024-12-13 04:50:42,307 - INFO - [Test ] loss: 0.131617 | acc: 95.959999.
2024-12-13 04:51:01,014 - INFO - Round  29, Average loss 0.279
2024-12-13 04:51:12,039 - INFO - [Train] loss: 0.141208 | acc: 95.823334.
2024-12-13 04:51:12,039 - INFO - [Test ] loss: 0.128087 | acc: 96.059998.
2024-12-13 04:51:28,799 - INFO - Round  30, Average loss 0.313
2024-12-13 04:51:39,257 - INFO - [Train] loss: 0.135899 | acc: 95.901665.
2024-12-13 04:51:39,257 - INFO - [Test ] loss: 0.124096 | acc: 96.239998.
2024-12-13 04:51:57,354 - INFO - Round  31, Average loss 0.292
2024-12-13 04:52:06,732 - INFO - [Train] loss: 0.138334 | acc: 95.843330.
2024-12-13 04:52:06,732 - INFO - [Test ] loss: 0.125467 | acc: 96.089996.
2024-12-13 04:52:25,467 - INFO - Round  32, Average loss 0.287
2024-12-13 04:52:35,527 - INFO - [Train] loss: 0.134075 | acc: 95.926666.
2024-12-13 04:52:35,528 - INFO - [Test ] loss: 0.123955 | acc: 96.190002.
2024-12-13 04:52:52,737 - INFO - Round  33, Average loss 0.291
2024-12-13 04:53:03,948 - INFO - [Train] loss: 0.131261 | acc: 96.084999.
2024-12-13 04:53:03,948 - INFO - [Test ] loss: 0.121439 | acc: 96.239998.
2024-12-13 04:53:21,875 - INFO - Round  34, Average loss 0.279
2024-12-13 04:53:31,515 - INFO - [Train] loss: 0.129915 | acc: 96.044998.
2024-12-13 04:53:31,515 - INFO - [Test ] loss: 0.118917 | acc: 96.220001.
2024-12-13 04:53:48,373 - INFO - Round  35, Average loss 0.248
2024-12-13 04:53:58,813 - INFO - [Train] loss: 0.127396 | acc: 96.156670.
2024-12-13 04:53:58,813 - INFO - [Test ] loss: 0.114218 | acc: 96.290001.
2024-12-13 04:54:18,449 - INFO - Round  36, Average loss 0.254
2024-12-13 04:54:27,873 - INFO - [Train] loss: 0.127943 | acc: 96.136665.
2024-12-13 04:54:27,873 - INFO - [Test ] loss: 0.116127 | acc: 96.279999.
2024-12-13 04:54:45,869 - INFO - Round  37, Average loss 0.275
2024-12-13 04:54:56,488 - INFO - [Train] loss: 0.124497 | acc: 96.271667.
2024-12-13 04:54:56,488 - INFO - [Test ] loss: 0.113433 | acc: 96.470001.
2024-12-13 04:55:18,163 - INFO - Round  38, Average loss 0.269
2024-12-13 04:55:29,090 - INFO - [Train] loss: 0.122347 | acc: 96.321663.
2024-12-13 04:55:29,091 - INFO - [Test ] loss: 0.111253 | acc: 96.370003.
2024-12-13 04:55:46,588 - INFO - Round  39, Average loss 0.257
2024-12-13 04:55:57,814 - INFO - [Train] loss: 0.121125 | acc: 96.391670.
2024-12-13 04:55:57,814 - INFO - [Test ] loss: 0.110878 | acc: 96.620003.
2024-12-13 04:56:15,866 - INFO - Round  40, Average loss 0.252
2024-12-13 04:56:26,482 - INFO - [Train] loss: 0.122324 | acc: 96.266670.
2024-12-13 04:56:26,482 - INFO - [Test ] loss: 0.112772 | acc: 96.489998.
2024-12-13 04:56:46,705 - INFO - Round  41, Average loss 0.259
2024-12-13 04:56:57,473 - INFO - [Train] loss: 0.121424 | acc: 96.241669.
2024-12-13 04:56:57,473 - INFO - [Test ] loss: 0.111011 | acc: 96.529999.
2024-12-13 04:57:14,295 - INFO - Round  42, Average loss 0.237
2024-12-13 04:57:24,934 - INFO - [Train] loss: 0.119742 | acc: 96.343330.
2024-12-13 04:57:24,934 - INFO - [Test ] loss: 0.109322 | acc: 96.500000.
2024-12-13 04:57:44,591 - INFO - Round  43, Average loss 0.236
2024-12-13 04:57:55,288 - INFO - [Train] loss: 0.118019 | acc: 96.510002.
2024-12-13 04:57:55,288 - INFO - [Test ] loss: 0.107054 | acc: 96.510002.
2024-12-13 04:58:15,784 - INFO - Round  44, Average loss 0.266
2024-12-13 04:58:26,493 - INFO - [Train] loss: 0.113279 | acc: 96.614998.
2024-12-13 04:58:26,493 - INFO - [Test ] loss: 0.104964 | acc: 96.750000.
2024-12-13 04:58:43,748 - INFO - Round  45, Average loss 0.232
2024-12-13 04:58:53,951 - INFO - [Train] loss: 0.111955 | acc: 96.558334.
2024-12-13 04:58:53,951 - INFO - [Test ] loss: 0.102172 | acc: 96.760002.
2024-12-13 04:59:14,277 - INFO - Round  46, Average loss 0.240
2024-12-13 04:59:24,911 - INFO - [Train] loss: 0.114678 | acc: 96.625000.
2024-12-13 04:59:24,912 - INFO - [Test ] loss: 0.104824 | acc: 96.860001.
2024-12-13 04:59:43,457 - INFO - Round  47, Average loss 0.217
2024-12-13 04:59:53,821 - INFO - [Train] loss: 0.110597 | acc: 96.705002.
2024-12-13 04:59:53,822 - INFO - [Test ] loss: 0.100289 | acc: 96.970001.
2024-12-13 05:00:11,660 - INFO - Round  48, Average loss 0.226
2024-12-13 05:00:22,854 - INFO - [Train] loss: 0.110222 | acc: 96.763336.
2024-12-13 05:00:22,854 - INFO - [Test ] loss: 0.100691 | acc: 96.830002.
2024-12-13 05:00:41,664 - INFO - Round  49, Average loss 0.246
2024-12-13 05:00:51,972 - INFO - [Train] loss: 0.106674 | acc: 96.724998.
2024-12-13 05:00:51,972 - INFO - [Test ] loss: 0.097766 | acc: 96.800003.
