2024-12-13 05:03:10,805 - INFO - CNNMnist(
  (conv1): Conv2d(1, 10, kernel_size=(5, 5), stride=(1, 1))
  (conv2): Conv2d(10, 20, kernel_size=(5, 5), stride=(1, 1))
  (conv2_drop): Dropout2d(p=0.5, inplace=False)
  (fc1): Linear(in_features=320, out_features=50, bias=True)
  (fc2): Linear(in_features=50, out_features=10, bias=True)
)
2024-12-13 05:03:59,112 - INFO - Round   0, Average loss 2.281
2024-12-13 05:04:09,414 - INFO - [Train] loss: 2.253789 | acc: 22.924999.
2024-12-13 05:04:09,414 - INFO - [Test ] loss: 2.252836 | acc: 23.309999.
2024-12-13 05:05:01,366 - INFO - Round   1, Average loss 2.183
2024-12-13 05:05:11,939 - INFO - [Train] loss: 2.016631 | acc: 65.330002.
2024-12-13 05:05:11,940 - INFO - [Test ] loss: 2.009863 | acc: 66.440002.
2024-12-13 05:06:04,324 - INFO - Round   2, Average loss 1.794
2024-12-13 05:06:15,005 - INFO - [Train] loss: 1.235590 | acc: 80.010002.
2024-12-13 05:06:15,006 - INFO - [Test ] loss: 1.213547 | acc: 81.550003.
2024-12-13 05:07:05,399 - INFO - Round   3, Average loss 1.286
2024-12-13 05:07:16,043 - INFO - [Train] loss: 0.757290 | acc: 83.154999.
2024-12-13 05:07:16,043 - INFO - [Test ] loss: 0.730012 | acc: 84.629997.
2024-12-13 05:08:06,129 - INFO - Round   4, Average loss 1.042
2024-12-13 05:08:16,698 - INFO - [Train] loss: 0.572472 | acc: 86.573334.
2024-12-13 05:08:16,698 - INFO - [Test ] loss: 0.546997 | acc: 87.529999.
2024-12-13 05:09:08,799 - INFO - Round   5, Average loss 0.886
2024-12-13 05:09:19,187 - INFO - [Train] loss: 0.471183 | acc: 88.238335.
2024-12-13 05:09:19,187 - INFO - [Test ] loss: 0.447159 | acc: 89.180000.
2024-12-13 05:10:08,811 - INFO - Round   6, Average loss 0.761
2024-12-13 05:10:19,072 - INFO - [Train] loss: 0.406760 | acc: 89.441666.
2024-12-13 05:10:19,073 - INFO - [Test ] loss: 0.383268 | acc: 90.150002.
2024-12-13 05:11:13,920 - INFO - Round   7, Average loss 0.710
2024-12-13 05:11:23,781 - INFO - [Train] loss: 0.360016 | acc: 90.430000.
2024-12-13 05:11:23,781 - INFO - [Test ] loss: 0.337351 | acc: 91.050003.
2024-12-13 05:12:16,887 - INFO - Round   8, Average loss 0.652
2024-12-13 05:12:27,065 - INFO - [Train] loss: 0.324958 | acc: 91.121666.
2024-12-13 05:12:27,066 - INFO - [Test ] loss: 0.305029 | acc: 91.660004.
2024-12-13 05:13:19,126 - INFO - Round   9, Average loss 0.593
2024-12-13 05:13:28,924 - INFO - [Train] loss: 0.297455 | acc: 91.620003.
2024-12-13 05:13:28,924 - INFO - [Test ] loss: 0.277693 | acc: 92.120003.
2024-12-13 05:14:18,339 - INFO - Round  10, Average loss 0.551
2024-12-13 05:14:28,594 - INFO - [Train] loss: 0.274147 | acc: 92.198334.
2024-12-13 05:14:28,594 - INFO - [Test ] loss: 0.255954 | acc: 92.610001.
2024-12-13 05:15:15,167 - INFO - Round  11, Average loss 0.526
2024-12-13 05:15:24,496 - INFO - [Train] loss: 0.257007 | acc: 92.628334.
2024-12-13 05:15:24,496 - INFO - [Test ] loss: 0.238072 | acc: 93.089996.
2024-12-13 05:16:14,251 - INFO - Round  12, Average loss 0.490
2024-12-13 05:16:24,349 - INFO - [Train] loss: 0.244494 | acc: 92.830002.
2024-12-13 05:16:24,349 - INFO - [Test ] loss: 0.226969 | acc: 93.349998.
2024-12-13 05:17:18,291 - INFO - Round  13, Average loss 0.488
2024-12-13 05:17:28,211 - INFO - [Train] loss: 0.233569 | acc: 93.146667.
2024-12-13 05:17:28,211 - INFO - [Test ] loss: 0.216336 | acc: 93.510002.
2024-12-13 05:18:21,568 - INFO - Round  14, Average loss 0.448
2024-12-13 05:18:30,370 - INFO - [Train] loss: 0.225101 | acc: 93.381668.
2024-12-13 05:18:30,371 - INFO - [Test ] loss: 0.207433 | acc: 93.709999.
2024-12-13 05:19:21,554 - INFO - Round  15, Average loss 0.426
2024-12-13 05:19:31,553 - INFO - [Train] loss: 0.215161 | acc: 93.654999.
2024-12-13 05:19:31,553 - INFO - [Test ] loss: 0.198647 | acc: 94.040001.
2024-12-13 05:20:26,936 - INFO - Round  16, Average loss 0.409
2024-12-13 05:20:35,389 - INFO - [Train] loss: 0.209208 | acc: 93.798332.
2024-12-13 05:20:35,390 - INFO - [Test ] loss: 0.192502 | acc: 94.059998.
2024-12-13 05:21:28,427 - INFO - Round  17, Average loss 0.430
2024-12-13 05:21:38,002 - INFO - [Train] loss: 0.198817 | acc: 94.055000.
2024-12-13 05:21:38,002 - INFO - [Test ] loss: 0.183916 | acc: 94.459999.
2024-12-13 05:22:33,147 - INFO - Round  18, Average loss 0.381
2024-12-13 05:22:43,331 - INFO - [Train] loss: 0.196333 | acc: 94.116669.
2024-12-13 05:22:43,332 - INFO - [Test ] loss: 0.181466 | acc: 94.290001.
2024-12-13 05:23:37,017 - INFO - Round  19, Average loss 0.389
2024-12-13 05:23:46,965 - INFO - [Train] loss: 0.187579 | acc: 94.401665.
2024-12-13 05:23:46,966 - INFO - [Test ] loss: 0.172063 | acc: 94.839996.
2024-12-13 05:24:38,715 - INFO - Round  20, Average loss 0.374
2024-12-13 05:24:47,623 - INFO - [Train] loss: 0.184151 | acc: 94.458336.
2024-12-13 05:24:47,624 - INFO - [Test ] loss: 0.171890 | acc: 94.690002.
2024-12-13 05:25:43,852 - INFO - Round  21, Average loss 0.344
2024-12-13 05:25:53,548 - INFO - [Train] loss: 0.180545 | acc: 94.550003.
2024-12-13 05:25:53,548 - INFO - [Test ] loss: 0.166295 | acc: 94.949997.
2024-12-13 05:26:46,676 - INFO - Round  22, Average loss 0.352
2024-12-13 05:26:55,599 - INFO - [Train] loss: 0.174320 | acc: 94.736664.
2024-12-13 05:26:55,599 - INFO - [Test ] loss: 0.160041 | acc: 95.029999.
2024-12-13 05:27:54,542 - INFO - Round  23, Average loss 0.322
2024-12-13 05:28:04,613 - INFO - [Train] loss: 0.172577 | acc: 94.833336.
2024-12-13 05:28:04,613 - INFO - [Test ] loss: 0.158483 | acc: 95.050003.
2024-12-13 05:29:01,287 - INFO - Round  24, Average loss 0.331
2024-12-13 05:29:11,838 - INFO - [Train] loss: 0.168385 | acc: 94.898331.
2024-12-13 05:29:11,839 - INFO - [Test ] loss: 0.155262 | acc: 95.250000.
2024-12-13 05:30:09,948 - INFO - Round  25, Average loss 0.343
2024-12-13 05:30:20,712 - INFO - [Train] loss: 0.163351 | acc: 95.043335.
2024-12-13 05:30:20,712 - INFO - [Test ] loss: 0.149788 | acc: 95.330002.
2024-12-13 05:31:17,414 - INFO - Round  26, Average loss 0.322
2024-12-13 05:31:26,599 - INFO - [Train] loss: 0.158773 | acc: 95.171669.
2024-12-13 05:31:26,600 - INFO - [Test ] loss: 0.146542 | acc: 95.400002.
2024-12-13 05:32:18,450 - INFO - Round  27, Average loss 0.308
2024-12-13 05:32:28,274 - INFO - [Train] loss: 0.158253 | acc: 95.214996.
2024-12-13 05:32:28,275 - INFO - [Test ] loss: 0.145772 | acc: 95.419998.
2024-12-13 05:33:21,985 - INFO - Round  28, Average loss 0.304
2024-12-13 05:33:32,529 - INFO - [Train] loss: 0.155307 | acc: 95.306664.
2024-12-13 05:33:32,529 - INFO - [Test ] loss: 0.144143 | acc: 95.559998.
2024-12-13 05:34:25,785 - INFO - Round  29, Average loss 0.297
2024-12-13 05:34:36,688 - INFO - [Train] loss: 0.153986 | acc: 95.348335.
2024-12-13 05:34:36,688 - INFO - [Test ] loss: 0.143707 | acc: 95.599998.
2024-12-13 05:35:32,440 - INFO - Round  30, Average loss 0.305
2024-12-13 05:35:42,849 - INFO - [Train] loss: 0.149884 | acc: 95.478333.
2024-12-13 05:35:42,849 - INFO - [Test ] loss: 0.139432 | acc: 95.599998.
2024-12-13 05:36:35,458 - INFO - Round  31, Average loss 0.290
2024-12-13 05:36:45,608 - INFO - [Train] loss: 0.146599 | acc: 95.620003.
2024-12-13 05:36:45,609 - INFO - [Test ] loss: 0.136702 | acc: 95.779999.
2024-12-13 05:37:38,273 - INFO - Round  32, Average loss 0.296
2024-12-13 05:37:48,168 - INFO - [Train] loss: 0.144255 | acc: 95.631668.
2024-12-13 05:37:48,169 - INFO - [Test ] loss: 0.133866 | acc: 95.790001.
2024-12-13 05:38:42,128 - INFO - Round  33, Average loss 0.296
2024-12-13 05:38:52,774 - INFO - [Train] loss: 0.140255 | acc: 95.779999.
2024-12-13 05:38:52,774 - INFO - [Test ] loss: 0.130110 | acc: 95.949997.
2024-12-13 05:39:48,879 - INFO - Round  34, Average loss 0.289
2024-12-13 05:39:58,765 - INFO - [Train] loss: 0.136909 | acc: 95.888336.
2024-12-13 05:39:58,766 - INFO - [Test ] loss: 0.125830 | acc: 96.000000.
2024-12-13 05:40:52,728 - INFO - Round  35, Average loss 0.265
2024-12-13 05:41:02,532 - INFO - [Train] loss: 0.139636 | acc: 95.790001.
2024-12-13 05:41:02,532 - INFO - [Test ] loss: 0.129567 | acc: 95.940002.
2024-12-13 05:42:00,417 - INFO - Round  36, Average loss 0.274
2024-12-13 05:42:10,668 - INFO - [Train] loss: 0.135864 | acc: 95.908333.
2024-12-13 05:42:10,668 - INFO - [Test ] loss: 0.125775 | acc: 96.080002.
2024-12-13 05:43:07,663 - INFO - Round  37, Average loss 0.265
2024-12-13 05:43:17,464 - INFO - [Train] loss: 0.134397 | acc: 95.881668.
2024-12-13 05:43:17,465 - INFO - [Test ] loss: 0.124963 | acc: 96.040001.
2024-12-13 05:44:13,291 - INFO - Round  38, Average loss 0.249
2024-12-13 05:44:23,358 - INFO - [Train] loss: 0.131730 | acc: 96.021667.
2024-12-13 05:44:23,359 - INFO - [Test ] loss: 0.122950 | acc: 96.160004.
2024-12-13 05:45:17,689 - INFO - Round  39, Average loss 0.264
2024-12-13 05:45:27,553 - INFO - [Train] loss: 0.128545 | acc: 96.141670.
2024-12-13 05:45:27,553 - INFO - [Test ] loss: 0.118817 | acc: 96.209999.
2024-12-13 05:46:24,461 - INFO - Round  40, Average loss 0.261
2024-12-13 05:46:34,685 - INFO - [Train] loss: 0.128465 | acc: 96.156670.
2024-12-13 05:46:34,686 - INFO - [Test ] loss: 0.119799 | acc: 96.290001.
2024-12-13 05:47:31,015 - INFO - Round  41, Average loss 0.251
2024-12-13 05:47:41,427 - INFO - [Train] loss: 0.126670 | acc: 96.196663.
2024-12-13 05:47:41,427 - INFO - [Test ] loss: 0.117412 | acc: 96.379997.
2024-12-13 05:48:36,455 - INFO - Round  42, Average loss 0.233
2024-12-13 05:48:46,722 - INFO - [Train] loss: 0.126220 | acc: 96.231667.
2024-12-13 05:48:46,722 - INFO - [Test ] loss: 0.116214 | acc: 96.370003.
2024-12-13 05:49:42,130 - INFO - Round  43, Average loss 0.253
2024-12-13 05:49:51,631 - INFO - [Train] loss: 0.122733 | acc: 96.275002.
2024-12-13 05:49:51,632 - INFO - [Test ] loss: 0.114106 | acc: 96.300003.
2024-12-13 05:50:48,092 - INFO - Round  44, Average loss 0.232
2024-12-13 05:50:58,139 - INFO - [Train] loss: 0.123710 | acc: 96.308334.
2024-12-13 05:50:58,139 - INFO - [Test ] loss: 0.115245 | acc: 96.360001.
2024-12-13 05:51:53,830 - INFO - Round  45, Average loss 0.229
2024-12-13 05:52:03,781 - INFO - [Train] loss: 0.121651 | acc: 96.318336.
2024-12-13 05:52:03,781 - INFO - [Test ] loss: 0.114092 | acc: 96.370003.
2024-12-13 05:52:57,637 - INFO - Round  46, Average loss 0.245
2024-12-13 05:53:07,036 - INFO - [Train] loss: 0.120169 | acc: 96.378334.
2024-12-13 05:53:07,036 - INFO - [Test ] loss: 0.111594 | acc: 96.410004.
2024-12-13 05:54:02,069 - INFO - Round  47, Average loss 0.232
2024-12-13 05:54:12,565 - INFO - [Train] loss: 0.119412 | acc: 96.418335.
2024-12-13 05:54:12,566 - INFO - [Test ] loss: 0.111121 | acc: 96.519997.
2024-12-13 05:55:12,713 - INFO - Round  48, Average loss 0.227
2024-12-13 05:55:23,180 - INFO - [Train] loss: 0.119043 | acc: 96.476669.
2024-12-13 05:55:23,181 - INFO - [Test ] loss: 0.111145 | acc: 96.440002.
2024-12-13 05:56:20,809 - INFO - Round  49, Average loss 0.238
2024-12-13 05:56:31,001 - INFO - [Train] loss: 0.117242 | acc: 96.466667.
2024-12-13 05:56:31,001 - INFO - [Test ] loss: 0.108683 | acc: 96.440002.
